<testsuites>
<testsuite name="" tests="670" assertions="7425" errors="2" warnings="0" failures="3" skipped="0" time="0.1">
<testsuite name="Unit" tests="151" assertions="344" errors="0" warnings="0" failures="0" skipped="0" time="29.088678">
<testcase name="test_it_can_get_access_token" class="Tests" classname="Tests" file="Test.php" line="17" assertions="2" time="0.835036"/>
</testsuite>
</testsuite>
</testsuites>
